Running: /opt/Xilinx/14.7/ISE_DS/ISE/bin/lin64/unwrapped/fuse -intstyle ise -incremental -lib unisims_ver -lib unimacro_ver -lib xilinxcorelib_ver -lib secureip -o /home/ise/Xilinx_shared/cs152b/lab3/brightness_tb_isim_beh.exe -prj /home/ise/Xilinx_shared/cs152b/lab3/brightness_tb_beh.prj work.brightness_tb work.glbl 
ISim P.20131013 (signature 0xfbc00daa)
Number of CPUs detected in this system: 1
Turning on mult-threading, number of parallel sub-compilation jobs: 0 
Determining compilation order of HDL files
Analyzing Verilog file "/home/ise/Xilinx_shared/cs152b/lab3/brightness.v" into library work
Analyzing Verilog file "/home/ise/Xilinx_shared/cs152b/lab3/brightness_tb.v" into library work
Analyzing Verilog file "/opt/Xilinx/14.7/ISE_DS/ISE//verilog/src/glbl.v" into library work
Starting static elaboration
Completed static elaboration
Fuse Memory Usage: 94976 KB
Fuse CPU Usage: 2240 ms
Compiling module brightness_default
Compiling module brightness_tb
Compiling module glbl
Time Resolution for simulation is 1ps.
Compiled 3 Verilog Units
Built simulation executable /home/ise/Xilinx_shared/cs152b/lab3/brightness_tb_isim_beh.exe
Fuse Memory Usage: 98296 KB
Fuse CPU Usage: 2300 ms
GCC CPU Usage: 880 ms
